2021-06-02 17:05:03,455 [INFO] Activator:170 - 


2021-06-02 17:05:03,458 [INFO] Activator:171 - !SESSION log4j initialized
2021-06-02 17:06:16,910 [ERROR] LogOutputStream:74 - [STDERR_REDIRECT] Managed Build system manifest file error: Could not load icon "icons/chip.png".
2021-06-02 17:06:16,912 [ERROR] LogOutputStream:74 - [STDERR_REDIRECT] Managed Build system manifest file error: Could not load icon "icons/chip.png".
2021-06-02 17:06:16,919 [ERROR] LogOutputStream:74 - [STDERR_REDIRECT] Managed Build system manifest file error: Could not load icon "icons/chip.png".
2021-06-02 17:12:21,370 [INFO] Activator:170 - 


2021-06-02 17:12:21,374 [INFO] Activator:171 - !SESSION log4j initialized
2021-06-02 17:12:22,886 [ERROR] LogOutputStream:74 - [STDERR_REDIRECT] Managed Build system manifest file error: Could not load icon "icons/chip.png".
2021-06-02 17:12:22,888 [ERROR] LogOutputStream:74 - [STDERR_REDIRECT] Managed Build system manifest file error: Could not load icon "icons/chip.png".
2021-06-02 17:12:22,891 [ERROR] LogOutputStream:74 - [STDERR_REDIRECT] Managed Build system manifest file error: Could not load icon "icons/chip.png".
2021-06-02 17:12:54,173 [INFO] McuFinderGlobals:39 - Set McuFinder mode to 2 (CubeIDE integrated)
2021-06-02 17:12:54,338 [INFO] ApplicationProperties:181 - Using Application install path: /opt/st/stm32cubeide_1.5.1/../../../home/peetz/.eclipse/com.st.stm32cube.ide.mcu.rcp.product_1.5.1_1935173079_linux_gtk_x86_64/plugins/com.st.stm32cube.common.mx_6.2.1.202103241236
2021-06-02 17:12:54,356 [INFO] DbMcusXml:74 - Set database path to: /opt/st/stm32cubeide_1.5.1/../../../home/peetz/.eclipse/com.st.stm32cube.ide.mcu.rcp.product_1.5.1_1935173079_linux_gtk_x86_64/plugins/com.st.stm32cube.common.mx_6.2.1.202103241236//db//mcu/
2021-06-02 17:12:54,362 [INFO] DbBoardsPdsc:56 - Set plugin database path to: /opt/st/stm32cubeide_1.5.1/../../../home/peetz/.eclipse/com.st.stm32cube.ide.mcu.rcp.product_1.5.1_1935173079_linux_gtk_x86_64/plugins/com.st.stm32cube.common.mx_6.2.1.202103241236//db//plugins/boardmanager/
2021-06-02 17:12:54,363 [INFO] DbMcus:258 - Set plugin images path to: /opt/st/stm32cubeide_1.5.1/../../../home/peetz/.eclipse/com.st.stm32cube.ide.mcu.rcp.product_1.5.1_1935173079_linux_gtk_x86_64/plugins/com.st.stm32cube.common.mx_6.2.1.202103241236//db//plugins/mcufinder/images/
2021-06-02 17:12:54,364 [INFO] DbBoards:264 - Set plugin images path to: /opt/st/stm32cubeide_1.5.1/../../../home/peetz/.eclipse/com.st.stm32cube.ide.mcu.rcp.product_1.5.1_1935173079_linux_gtk_x86_64/plugins/com.st.stm32cube.common.mx_6.2.1.202103241236//db//plugins/mcufinder/images/
2021-06-02 17:12:54,371 [INFO] DbExamples:333 - Set plugin images path to: /opt/st/stm32cubeide_1.5.1/../../../home/peetz/.eclipse/com.st.stm32cube.ide.mcu.rcp.product_1.5.1_1935173079_linux_gtk_x86_64/plugins/com.st.stm32cube.common.mx_6.2.1.202103241236//db//plugins/mcufinder/images/
2021-06-02 17:12:54,377 [INFO] DbMcusAds:85 - Set database path to: /home/peetz/.stmcufinder/plugins/mcufinder//mcu/
2021-06-02 17:12:54,378 [INFO] DbMcusDocs:110 - Set database path to: /home/peetz/.stmcufinder/plugins/mcufinder//mcu/
2021-06-02 17:12:54,383 [INFO] DbMcusJson:65 - Set database path to: /home/peetz/.stmcufinder/plugins/mcufinder//mcu/
2021-06-02 17:12:54,384 [INFO] DbBoardsDocs:110 - Set database path to: /home/peetz/.stmcufinder/plugins/mcufinder//mcu/
2021-06-02 17:12:54,387 [INFO] DbBoardsJson:58 - Set database path to: /home/peetz/.stmcufinder/plugins/mcufinder//mcu/
2021-06-02 17:12:54,395 [INFO] CrossReferenceDbSqlite:196 - Set database path to: /home/peetz/.stmcufinder/plugins/mcufinder//mcu/cs/
2021-06-02 17:12:54,402 [INFO] DbExamplesSqlite:690 - Set database path to: /home/peetz/.stmcufinder/plugins/mcufinder//mcu/
2021-06-02 17:12:54,715 [INFO] RulesReader:52 - Compatibility file has been processed (237 Rules)
2021-06-02 17:12:54,837 [INFO] MicroXplorer:622 - Detected Java Version = 1.8.0_272
2021-06-02 17:12:54,838 [INFO] DbMcusXml:74 - Set database path to: /opt/st/stm32cubeide_1.5.1/../../../home/peetz/.eclipse/com.st.stm32cube.ide.mcu.rcp.product_1.5.1_1935173079_linux_gtk_x86_64/plugins/com.st.stm32cube.common.mx_6.2.1.202103241236//db//mcu/
2021-06-02 17:12:54,839 [INFO] DbBoardsPdsc:56 - Set plugin database path to: /opt/st/stm32cubeide_1.5.1/../../../home/peetz/.eclipse/com.st.stm32cube.ide.mcu.rcp.product_1.5.1_1935173079_linux_gtk_x86_64/plugins/com.st.stm32cube.common.mx_6.2.1.202103241236//db//plugins/boardmanager/
2021-06-02 17:12:54,839 [INFO] DbMcus:258 - Set plugin images path to: /opt/st/stm32cubeide_1.5.1/../../../home/peetz/.eclipse/com.st.stm32cube.ide.mcu.rcp.product_1.5.1_1935173079_linux_gtk_x86_64/plugins/com.st.stm32cube.common.mx_6.2.1.202103241236//db//plugins/mcufinder/images/
2021-06-02 17:12:54,840 [INFO] DbBoards:264 - Set plugin images path to: /opt/st/stm32cubeide_1.5.1/../../../home/peetz/.eclipse/com.st.stm32cube.ide.mcu.rcp.product_1.5.1_1935173079_linux_gtk_x86_64/plugins/com.st.stm32cube.common.mx_6.2.1.202103241236//db//plugins/mcufinder/images/
2021-06-02 17:12:54,840 [INFO] DbExamples:333 - Set plugin images path to: /opt/st/stm32cubeide_1.5.1/../../../home/peetz/.eclipse/com.st.stm32cube.ide.mcu.rcp.product_1.5.1_1935173079_linux_gtk_x86_64/plugins/com.st.stm32cube.common.mx_6.2.1.202103241236//db//plugins/mcufinder/images/
2021-06-02 17:12:54,840 [WARN] DbFile:35 - Overriding database path with different value: /home/peetz/.stmcufinder/plugins/mcufinder/ => /home/peetz/.stmcufinder/plugins/mcufinder
2021-06-02 17:12:54,841 [INFO] DbMcusAds:85 - Set database path to: /home/peetz/.stmcufinder/plugins/mcufinder//mcu/
2021-06-02 17:12:54,841 [WARN] DbFile:35 - Overriding database path with different value: /home/peetz/.stmcufinder/plugins/mcufinder/ => /home/peetz/.stmcufinder/plugins/mcufinder
2021-06-02 17:12:54,841 [INFO] DbMcusDocs:110 - Set database path to: /home/peetz/.stmcufinder/plugins/mcufinder//mcu/
2021-06-02 17:12:54,841 [WARN] DbFile:35 - Overriding database path with different value: /home/peetz/.stmcufinder/plugins/mcufinder/ => /home/peetz/.stmcufinder/plugins/mcufinder
2021-06-02 17:12:54,842 [INFO] DbMcusJson:65 - Set database path to: /home/peetz/.stmcufinder/plugins/mcufinder//mcu/
2021-06-02 17:12:54,842 [WARN] DbFile:35 - Overriding database path with different value: /home/peetz/.stmcufinder/plugins/mcufinder/ => /home/peetz/.stmcufinder/plugins/mcufinder
2021-06-02 17:12:54,842 [INFO] DbBoardsDocs:110 - Set database path to: /home/peetz/.stmcufinder/plugins/mcufinder//mcu/
2021-06-02 17:12:54,843 [WARN] DbFile:35 - Overriding database path with different value: /home/peetz/.stmcufinder/plugins/mcufinder/ => /home/peetz/.stmcufinder/plugins/mcufinder
2021-06-02 17:12:54,843 [INFO] DbBoardsJson:58 - Set database path to: /home/peetz/.stmcufinder/plugins/mcufinder//mcu/
2021-06-02 17:12:54,843 [WARN] DbFile:35 - Overriding database path with different value: /home/peetz/.stmcufinder/plugins/mcufinder/ => /home/peetz/.stmcufinder/plugins/mcufinder
2021-06-02 17:12:54,844 [WARN] DbFile:35 - Overriding database path with different value: /home/peetz/.stmcufinder/plugins/mcufinder/ => /home/peetz/.stmcufinder/plugins/mcufinder
2021-06-02 17:12:54,844 [INFO] CrossReferenceDbSqlite:196 - Set database path to: /home/peetz/.stmcufinder/plugins/mcufinder//mcu/cs/
2021-06-02 17:12:54,844 [WARN] DbFile:35 - Overriding database path with different value: /home/peetz/.stmcufinder/plugins/mcufinder/ => /home/peetz/.stmcufinder/plugins/mcufinder
2021-06-02 17:12:54,845 [INFO] DbExamplesSqlite:690 - Set database path to: /home/peetz/.stmcufinder/plugins/mcufinder//mcu/
2021-06-02 17:12:54,929 [INFO] MainPanel:204 - HeapMemory: 305135616
2021-06-02 17:12:55,084 [INFO] DbMcusXml:74 - Set database path to: /opt/st/stm32cubeide_1.5.1/../../../home/peetz/.eclipse/com.st.stm32cube.ide.mcu.rcp.product_1.5.1_1935173079_linux_gtk_x86_64/plugins/com.st.stm32cube.common.mx_6.2.1.202103241236//db//mcu/
2021-06-02 17:12:55,084 [INFO] DbBoardsPdsc:56 - Set plugin database path to: /opt/st/stm32cubeide_1.5.1/../../../home/peetz/.eclipse/com.st.stm32cube.ide.mcu.rcp.product_1.5.1_1935173079_linux_gtk_x86_64/plugins/com.st.stm32cube.common.mx_6.2.1.202103241236//db//plugins/boardmanager/
2021-06-02 17:12:55,084 [INFO] DbMcus:258 - Set plugin images path to: /opt/st/stm32cubeide_1.5.1/../../../home/peetz/.eclipse/com.st.stm32cube.ide.mcu.rcp.product_1.5.1_1935173079_linux_gtk_x86_64/plugins/com.st.stm32cube.common.mx_6.2.1.202103241236//db//plugins/mcufinder/images/
2021-06-02 17:12:55,085 [INFO] DbBoards:264 - Set plugin images path to: /opt/st/stm32cubeide_1.5.1/../../../home/peetz/.eclipse/com.st.stm32cube.ide.mcu.rcp.product_1.5.1_1935173079_linux_gtk_x86_64/plugins/com.st.stm32cube.common.mx_6.2.1.202103241236//db//plugins/mcufinder/images/
2021-06-02 17:12:55,085 [INFO] DbExamples:333 - Set plugin images path to: /opt/st/stm32cubeide_1.5.1/../../../home/peetz/.eclipse/com.st.stm32cube.ide.mcu.rcp.product_1.5.1_1935173079_linux_gtk_x86_64/plugins/com.st.stm32cube.common.mx_6.2.1.202103241236//db//plugins/mcufinder/images/
2021-06-02 17:12:55,086 [WARN] DbFile:35 - Overriding database path with different value: /home/peetz/.stmcufinder/plugins/mcufinder/ => /home/peetz/.stmcufinder/plugins/mcufinder
2021-06-02 17:12:55,086 [INFO] DbMcusAds:85 - Set database path to: /home/peetz/.stmcufinder/plugins/mcufinder//mcu/
2021-06-02 17:12:55,086 [WARN] DbFile:35 - Overriding database path with different value: /home/peetz/.stmcufinder/plugins/mcufinder/ => /home/peetz/.stmcufinder/plugins/mcufinder
2021-06-02 17:12:55,087 [INFO] DbMcusDocs:110 - Set database path to: /home/peetz/.stmcufinder/plugins/mcufinder//mcu/
2021-06-02 17:12:55,087 [WARN] DbFile:35 - Overriding database path with different value: /home/peetz/.stmcufinder/plugins/mcufinder/ => /home/peetz/.stmcufinder/plugins/mcufinder
2021-06-02 17:12:55,087 [INFO] DbMcusJson:65 - Set database path to: /home/peetz/.stmcufinder/plugins/mcufinder//mcu/
2021-06-02 17:12:55,087 [WARN] DbFile:35 - Overriding database path with different value: /home/peetz/.stmcufinder/plugins/mcufinder/ => /home/peetz/.stmcufinder/plugins/mcufinder
2021-06-02 17:12:55,088 [INFO] DbBoardsDocs:110 - Set database path to: /home/peetz/.stmcufinder/plugins/mcufinder//mcu/
2021-06-02 17:12:55,088 [WARN] DbFile:35 - Overriding database path with different value: /home/peetz/.stmcufinder/plugins/mcufinder/ => /home/peetz/.stmcufinder/plugins/mcufinder
2021-06-02 17:12:55,088 [INFO] DbBoardsJson:58 - Set database path to: /home/peetz/.stmcufinder/plugins/mcufinder//mcu/
2021-06-02 17:12:55,089 [WARN] DbFile:35 - Overriding database path with different value: /home/peetz/.stmcufinder/plugins/mcufinder/ => /home/peetz/.stmcufinder/plugins/mcufinder
2021-06-02 17:12:55,089 [WARN] DbFile:35 - Overriding database path with different value: /home/peetz/.stmcufinder/plugins/mcufinder/ => /home/peetz/.stmcufinder/plugins/mcufinder
2021-06-02 17:12:55,089 [INFO] CrossReferenceDbSqlite:196 - Set database path to: /home/peetz/.stmcufinder/plugins/mcufinder//mcu/cs/
2021-06-02 17:12:55,090 [WARN] DbFile:35 - Overriding database path with different value: /home/peetz/.stmcufinder/plugins/mcufinder/ => /home/peetz/.stmcufinder/plugins/mcufinder
2021-06-02 17:12:55,090 [INFO] DbExamplesSqlite:690 - Set database path to: /home/peetz/.stmcufinder/plugins/mcufinder//mcu/
2021-06-02 17:12:55,123 [INFO] ApplicationProperties:181 - Using Application install path: /opt/st/stm32cubeide_1.5.1/../../../home/peetz/.eclipse/com.st.stm32cube.ide.mcu.rcp.product_1.5.1_1935173079_linux_gtk_x86_64/plugins/com.st.stm32cube.common.mx_6.2.1.202103241236
2021-06-02 17:12:55,126 [INFO] PluginManage:178 - Search for loadable plugins [exclusion list=, ]
2021-06-02 17:12:55,128 [INFO] PluginManage:292 - Check plugin analytics
2021-06-02 17:12:55,374 [INFO] AnalyticsPlugin:233 - Accepted Software Licenses: 
2021-06-02 17:12:55,375 [INFO] AnalyticsPlugin:235 - Accepted CMSIS Pack Licenses: 
2021-06-02 17:12:55,376 [INFO] AnalyticsPlugin:237 - Accepted Firmware Licenses: 
2021-06-02 17:12:55,377 [INFO] PluginManage:342 - Loaded plugin analytics (category:tool,tabindex:-1)
2021-06-02 17:12:55,378 [INFO] PluginManage:292 - Check plugin clock
2021-06-02 17:12:55,398 [INFO] PluginManage:342 - Loaded plugin clock (category:base,tabindex:2)
2021-06-02 17:12:55,399 [INFO] PluginManage:292 - Check plugin ddr
2021-06-02 17:12:55,402 [INFO] PluginManage:342 - Loaded plugin ddr (category:tool,tabindex:6)
2021-06-02 17:12:55,402 [INFO] PluginManage:292 - Check plugin filemanager
2021-06-02 17:12:55,672 [INFO] PluginManage:342 - Loaded plugin filemanager (category:base,tabindex:10)
2021-06-02 17:12:55,673 [INFO] PluginManage:292 - Check plugin ipmanager
2021-06-02 17:12:55,685 [INFO] PluginManage:342 - Loaded plugin ipmanager (category:base,tabindex:5)
2021-06-02 17:12:55,686 [INFO] PluginManage:292 - Check plugin pinoutandconfiguration
2021-06-02 17:12:55,698 [INFO] PluginManage:342 - Loaded plugin pinoutandconfiguration (category:base,tabindex:1)
2021-06-02 17:12:55,699 [INFO] PluginManage:292 - Check plugin pinoutconfig
2021-06-02 17:12:55,736 [INFO] PluginManage:342 - Loaded plugin pinoutconfig (category:base,tabindex:0)
2021-06-02 17:12:55,737 [INFO] PluginManage:292 - Check plugin power
2021-06-02 17:12:55,748 [INFO] PluginManage:342 - Loaded plugin power (category:power,tabindex:4)
2021-06-02 17:12:55,749 [INFO] PluginManage:292 - Check plugin projectmanager
2021-06-02 17:12:55,775 [INFO] PluginManage:342 - Loaded plugin projectmanager (category:projectmanager,tabindex:3)
2021-06-02 17:12:55,776 [INFO] PluginManage:292 - Check plugin thirdparty
2021-06-02 17:12:55,993 [INFO] PluginManage:342 - Loaded plugin thirdparty (category:base,tabindex:-1)
2021-06-02 17:12:55,993 [INFO] PluginManage:292 - Check plugin tools
2021-06-02 17:12:55,997 [INFO] PluginManage:342 - Loaded plugin tools (category:base,tabindex:7)
2021-06-02 17:12:55,997 [INFO] PluginManage:292 - Check plugin tutovideos
2021-06-02 17:12:56,002 [WARN] IntegrityCheckThread:59 - waiting for thirdparty lock release [integrity check]
2021-06-02 17:12:56,007 [INFO] IntegrityCheckThread:61 - entering critical section [integrity check]
2021-06-02 17:12:56,007 [INFO] ThirdPartyUpdaterWithRetryManager:56 - Updater plugin not ready yet. [1/15]
2021-06-02 17:12:56,541 [INFO] PluginManage:342 - Loaded plugin tutovideos (category:base,tabindex:-1)
2021-06-02 17:12:56,541 [INFO] PluginManage:292 - Check plugin updater
2021-06-02 17:12:56,562 [INFO] PluginManage:342 - Loaded plugin updater (category:base,tabindex:12)
2021-06-02 17:12:56,563 [INFO] PluginManage:265 - PluginManage : Loaded plugins [13]
2021-06-02 17:12:56,844 [INFO] PinOutPanel:1435 - setPackage(No Configuration,No Configuration)
2021-06-02 17:12:56,960 [INFO] IPUIPlugin:64 - create IPUIPlugin
2021-06-02 17:12:56,961 [INFO] PluginManager:203 - loadIPPluginJar : add ltdc
2021-06-02 17:12:56,973 [INFO] IPUIPlugin:64 - create IPUIPlugin
2021-06-02 17:12:56,973 [INFO] PluginManager:203 - loadIPPluginJar : add adc
2021-06-02 17:12:56,976 [INFO] IPUIPlugin:64 - create IPUIPlugin
2021-06-02 17:12:56,976 [INFO] PluginManager:203 - loadIPPluginJar : add hash
2021-06-02 17:12:56,979 [INFO] IPUIPlugin:64 - create IPUIPlugin
2021-06-02 17:12:56,979 [INFO] PluginManager:203 - loadIPPluginJar : add pdm2pcm
2021-06-02 17:12:56,982 [INFO] IPUIPlugin:64 - create IPUIPlugin
2021-06-02 17:12:56,982 [INFO] PluginManager:203 - loadIPPluginJar : add openamp
2021-06-02 17:12:56,988 [INFO] IPUIPlugin:64 - create IPUIPlugin
2021-06-02 17:12:56,989 [INFO] PluginManager:203 - loadIPPluginJar : add dma
2021-06-02 17:12:56,991 [INFO] IPUIPlugin:64 - create IPUIPlugin
2021-06-02 17:12:56,992 [INFO] PluginManager:203 - loadIPPluginJar : add ucpd
2021-06-02 17:12:56,998 [INFO] IPUIPlugin:64 - create IPUIPlugin
2021-06-02 17:12:56,999 [INFO] PluginManager:203 - loadIPPluginJar : add stm32_wpan
2021-06-02 17:12:57,003 [INFO] IPUIPlugin:64 - create IPUIPlugin
2021-06-02 17:12:57,003 [INFO] PluginManager:203 - loadIPPluginJar : add touchsensing
2021-06-02 17:12:57,006 [INFO] IPUIPlugin:64 - create IPUIPlugin
2021-06-02 17:12:57,006 [INFO] PluginManager:203 - loadIPPluginJar : add can
2021-06-02 17:12:57,011 [INFO] IPUIPlugin:64 - create IPUIPlugin
2021-06-02 17:12:57,011 [INFO] PluginManager:203 - loadIPPluginJar : add opamp
2021-06-02 17:12:57,017 [INFO] IPUIPlugin:64 - create IPUIPlugin
2021-06-02 17:12:57,018 [INFO] PluginManager:203 - loadIPPluginJar : add fmc
2021-06-02 17:12:57,023 [INFO] IPUIPlugin:64 - create IPUIPlugin
2021-06-02 17:12:57,023 [INFO] PluginManager:203 - loadIPPluginJar : add gpio
2021-06-02 17:12:57,028 [INFO] IPUIPlugin:64 - create IPUIPlugin
2021-06-02 17:12:57,029 [INFO] PluginManager:203 - loadIPPluginJar : add gic
2021-06-02 17:12:57,030 [INFO] IPUIPlugin:64 - create IPUIPlugin
2021-06-02 17:12:57,030 [INFO] PluginManager:203 - loadIPPluginJar : add tsc
2021-06-02 17:12:57,032 [INFO] IPUIPlugin:64 - create IPUIPlugin
2021-06-02 17:12:57,033 [INFO] PluginManager:203 - loadIPPluginJar : add genericplugin
2021-06-02 17:12:57,035 [INFO] IPUIPlugin:64 - create IPUIPlugin
2021-06-02 17:12:57,035 [INFO] PluginManager:203 - loadIPPluginJar : add dfsdm
2021-06-02 17:12:57,038 [INFO] IPUIPlugin:64 - create IPUIPlugin
2021-06-02 17:12:57,038 [INFO] PluginManager:203 - loadIPPluginJar : add ts
2021-06-02 17:12:57,040 [INFO] IPUIPlugin:64 - create IPUIPlugin
2021-06-02 17:12:57,040 [INFO] PluginManager:203 - loadIPPluginJar : add tracer_emb
2021-06-02 17:12:57,043 [INFO] IPUIPlugin:64 - create IPUIPlugin
2021-06-02 17:12:57,043 [INFO] PluginManager:203 - loadIPPluginJar : add gfxmmu
2021-06-02 17:12:57,046 [INFO] IPUIPlugin:64 - create IPUIPlugin
2021-06-02 17:12:57,046 [INFO] PluginManager:203 - loadIPPluginJar : add ipddr
2021-06-02 17:12:57,049 [INFO] IPUIPlugin:64 - create IPUIPlugin
2021-06-02 17:12:57,049 [INFO] PluginManager:203 - loadIPPluginJar : add gtzc
2021-06-02 17:12:57,051 [INFO] IPUIPlugin:64 - create IPUIPlugin
2021-06-02 17:12:57,051 [INFO] PluginManager:203 - loadIPPluginJar : add quadspi
2021-06-02 17:12:57,054 [INFO] IPUIPlugin:64 - create IPUIPlugin
2021-06-02 17:12:57,054 [INFO] PluginManager:203 - loadIPPluginJar : add usart
2021-06-02 17:12:57,055 [INFO] IPUIPlugin:64 - create IPUIPlugin
2021-06-02 17:12:57,056 [INFO] PluginManager:203 - loadIPPluginJar : add comp
2021-06-02 17:12:57,059 [INFO] IPUIPlugin:64 - create IPUIPlugin
2021-06-02 17:12:57,059 [INFO] PluginManager:203 - loadIPPluginJar : add sai
2021-06-02 17:12:57,066 [INFO] IPUIPlugin:64 - create IPUIPlugin
2021-06-02 17:12:57,067 [INFO] PluginManager:203 - loadIPPluginJar : add nvic
2021-06-02 17:12:57,070 [INFO] IPUIPlugin:64 - create IPUIPlugin
2021-06-02 17:12:57,070 [INFO] PluginManager:203 - loadIPPluginJar : add aes
2021-06-02 17:12:57,074 [INFO] IPUIPlugin:64 - create IPUIPlugin
2021-06-02 17:12:57,075 [INFO] PluginManager:203 - loadIPPluginJar : add resmgrutility
2021-06-02 17:12:57,078 [INFO] IPUIPlugin:64 - create IPUIPlugin
2021-06-02 17:12:57,078 [INFO] PluginManager:203 - loadIPPluginJar : add cryp
2021-06-02 17:12:57,081 [INFO] IPUIPlugin:64 - create IPUIPlugin
2021-06-02 17:12:57,081 [INFO] PluginManager:203 - loadIPPluginJar : add lorawan
2021-06-02 17:12:57,083 [INFO] IPUIPlugin:64 - create IPUIPlugin
2021-06-02 17:12:57,083 [INFO] PluginManager:203 - loadIPPluginJar : add tim
2021-06-02 17:12:57,086 [INFO] IPUIPlugin:64 - create IPUIPlugin
2021-06-02 17:12:57,086 [INFO] PluginManager:203 - loadIPPluginJar : add spi
2021-06-02 17:12:57,093 [INFO] IPUIPlugin:64 - create IPUIPlugin
2021-06-02 17:12:57,093 [INFO] PluginManager:203 - loadIPPluginJar : add freertos
2021-06-02 17:12:57,097 [INFO] IPUIPlugin:64 - create IPUIPlugin
2021-06-02 17:12:57,097 [INFO] PluginManager:203 - loadIPPluginJar : add mdma
2021-06-02 17:12:57,099 [INFO] IPUIPlugin:64 - create IPUIPlugin
2021-06-02 17:12:57,099 [INFO] PluginManager:203 - loadIPPluginJar : add fatfs
2021-06-02 17:12:57,103 [INFO] IPUIPlugin:64 - create IPUIPlugin
2021-06-02 17:12:57,103 [INFO] PluginManager:203 - loadIPPluginJar : add i2s
2021-06-02 17:12:57,111 [INFO] IPUIPlugin:64 - create IPUIPlugin
2021-06-02 17:12:57,115 [INFO] PluginManager:203 - loadIPPluginJar : add plateformsettings
2021-06-02 17:12:57,118 [INFO] IPUIPlugin:64 - create IPUIPlugin
2021-06-02 17:12:57,118 [INFO] PluginManager:203 - loadIPPluginJar : add i2c
2021-06-02 17:12:57,537 [FATAL] Updater:284 - Updater called before beeing initialized
2021-06-02 17:12:57,666 [FATAL] Updater:284 - Updater called before beeing initialized
2021-06-02 17:12:57,673 [INFO] DbMcusAds:132 - JSON generation date=Tue May 11 17:32:49 CEST 2021 (1620747169502)
2021-06-02 17:12:57,673 [FATAL] Updater:284 - Updater called before beeing initialized
2021-06-02 17:12:57,733 [WARN] DetailPanel:315 - Failed to get advertising image, set to default
2021-06-02 17:12:58,159 [FATAL] Updater:284 - Updater called before beeing initialized
2021-06-02 17:12:58,163 [FATAL] Updater:284 - Updater called before beeing initialized
2021-06-02 17:12:58,163 [FATAL] Updater:284 - Updater called before beeing initialized
2021-06-02 17:12:58,163 [WARN] DetailPanel:315 - Failed to get advertising image, set to default
2021-06-02 17:12:58,166 [FATAL] Updater:284 - Updater called before beeing initialized
2021-06-02 17:12:58,230 [FATAL] Updater:284 - Updater called before beeing initialized
2021-06-02 17:12:58,230 [WARN] ThirdParty:796 - waiting for thirdparty lock release [close project]
2021-06-02 17:12:59,008 [INFO] ThirdPartyUpdaterWithRetryManager:56 - Updater plugin not ready yet. [2/15]
2021-06-02 17:13:02,009 [FATAL] Updater:284 - Updater called before beeing initialized
2021-06-02 17:13:02,010 [ERROR] AbstractThirdPartyUpdaterManager:153 - java.lang.Integer cannot be cast to java.util.List
2021-06-02 17:13:02,010 [INFO] ThirdParty:900 - Integrity check success = false
2021-06-02 17:13:02,010 [INFO] IntegrityCheckThread:75 - exiting critical section [integrity check]
2021-06-02 17:13:02,010 [INFO] IntegrityCheckThread:78 - End integrity checks thread
2021-06-02 17:13:02,010 [INFO] ThirdParty:798 - entering critical section [close project]
2021-06-02 17:13:02,013 [INFO] ThirdParty:809 - exiting critical section [close project]
2021-06-02 17:13:02,022 [INFO] PinOutPanel:1435 - setPackage(No Configuration,No Configuration)
2021-06-02 17:13:02,024 [FATAL] Updater:284 - Updater called before beeing initialized
2021-06-02 17:13:02,037 [ERROR] Updater:1065 - MainUpdater not yet initialized. External WinMGr cannot be set.
2021-06-02 17:13:02,041 [INFO] Updater:1002 - Updater Version found : 6.2.1
2021-06-02 17:13:02,070 [INFO] ApplicationProperties:181 - Using Application install path: /opt/st/stm32cubeide_1.5.1/../../../home/peetz/.eclipse/com.st.stm32cube.ide.mcu.rcp.product_1.5.1_1935173079_linux_gtk_x86_64/plugins/com.st.stm32cube.common.mx_6.2.1.202103241236
2021-06-02 17:13:02,324 [INFO] MainUpdater:2661 - connection check result : 10
2021-06-02 17:13:02,326 [INFO] MainUpdater:255 - Updater Check For Update Now.
2021-06-02 17:13:02,326 [INFO] MicroXplorer:472 - Change Database Version : DB.6.0.21
2021-06-02 17:13:02,517 [INFO] MainUpdater:2661 - connection check result : 10
2021-06-02 17:13:02,560 [INFO] CheckServerUpdateThread:102 - End of CheckServer Thread
2021-06-02 17:13:03,305 [INFO] CrossSelectorPresenter:1330 - Cross Selector saved comparison directory: /home/peetz/.stmcufinder/plugins/mcufinder/mcu/cs_comparisons_mx
2021-06-02 17:13:03,315 [INFO] MultiScanPanel:200 - Auto-refresh data requested => check proxy status ongoing
2021-06-02 17:13:03,320 [INFO] FinderPluginLoader:87 - Searching for filters in installed packs
2021-06-02 17:13:03,325 [INFO] DbMcusXml:100 - Load MCU database from /opt/st/stm32cubeide_1.5.1/../../../home/peetz/.eclipse/com.st.stm32cube.ide.mcu.rcp.product_1.5.1_1935173079_linux_gtk_x86_64/plugins/com.st.stm32cube.common.mx_6.2.1.202103241236//db//mcu/families.xml
2021-06-02 17:13:05,895 [INFO] DbMcusJson:94 - JSON generation date=Tue Jun 01 07:41:06 CEST 2021 (1622526066)
2021-06-02 17:13:08,451 [INFO] DbMcus:175 - Found 1906 MCUs (1866 are supported by CubeMX, 1866 are visible in CubeMX)
2021-06-02 17:13:08,452 [INFO] ApiDb:251 - Load user favorites file /home/peetz/.stm32cubeide/favorites.mcus.txt: 0 item(s)
2021-06-02 17:13:08,453 [INFO] ApiDb:255 - User favorites MCUs=[]
2021-06-02 17:13:08,453 [INFO] DbMcus:187 - Set 0 / 0 favorites MCUs
2021-06-02 17:13:09,652 [WARN] DetailPanel:315 - Failed to get advertising image, set to default
2021-06-02 17:13:10,508 [INFO] DbBoardsPdsc:90 - Found 9 items
2021-06-02 17:13:10,516 [INFO] DbBoardsPdsc:90 - Found 33 items
2021-06-02 17:13:10,520 [INFO] DbBoardsPdsc:90 - Found 5 items
2021-06-02 17:13:10,522 [INFO] DbBoardsPdsc:90 - Found 1 items
2021-06-02 17:13:10,532 [INFO] DbBoardsPdsc:90 - Found 46 items
2021-06-02 17:13:10,534 [INFO] DbBoardsPdsc:90 - Found 2 items
2021-06-02 17:13:10,545 [INFO] DbBoardsPdsc:90 - Found 41 items
2021-06-02 17:13:10,551 [INFO] DbBoardsPdsc:90 - Found 24 items
2021-06-02 17:13:10,558 [WARN] DbBoardsPdsc:254 - Board NUCLEO-WB15CC: unknown feature type=, name=, username=Three user LEDs, n=1
2021-06-02 17:13:10,558 [WARN] DbBoardsPdsc:254 - Board NUCLEO-WB15CC: unknown feature type=, name=, username=One reset and three user push-buttons, n=1
2021-06-02 17:13:10,558 [WARN] DbBoardsPdsc:254 - Board NUCLEO-WB15CC: unknown feature type=, name=, username=Arduino Uno V3 expansion connector, n=1
2021-06-02 17:13:10,559 [WARN] DbBoardsPdsc:254 - Board NUCLEO-WB15CC: unknown feature type=, name=, username=ST morpho extension pin headers for full access to all STM32WB I/Os, n=1
2021-06-02 17:13:10,559 [WARN] DbBoardsPdsc:254 - Board NUCLEO-WB15CC: unknown feature type=, name=, username=Integrated PCB antenna and SMA connector footprint, n=1
2021-06-02 17:13:10,559 [WARN] DbBoardsPdsc:254 - Board NUCLEO-WB15CC: unknown feature type=, name=, username=Flexible power-supply options: ST-LINK, USB VBUS, or external sources, n=1
2021-06-02 17:13:10,559 [WARN] DbBoardsPdsc:254 - Board NUCLEO-WB15CC: unknown feature type=, name=, username=On-board footprint to mount a CR2032 battery socket, n=1
2021-06-02 17:13:10,560 [WARN] DbBoardsPdsc:254 - Board NUCLEO-WB15CC: unknown feature type=, name=, username=On-board ST-LINK/V2-1 debugger/programmer with USB re-enumeration capability: mass storage, Virtual COM port, and debug port, n=1
2021-06-02 17:13:10,560 [WARN] DbBoardsPdsc:254 - Board NUCLEO-WB15CC: unknown feature type=, name=, username=Comprehensive free software libraries and examples available with the STM32CubeWB MCU Package, n=1
2021-06-02 17:13:10,560 [WARN] DbBoardsPdsc:254 - Board NUCLEO-WB15CC: unknown feature type=, name=, username=Support of a wide choice of Integrated Development Environments (IDEs) including IAR Embedded Workbench, MDK-ARM, STM32CubeIDE, and Mbed Studio, n=1
2021-06-02 17:13:10,566 [WARN] DbBoardsPdsc:254 - Board STM32H7B3I-DK: unknown feature type=Audio, name=, username=Audio stereo codec with Headphone Amp (CS42L51-CNZ), n=1
2021-06-02 17:13:10,567 [WARN] DbBoardsPdsc:254 - Board STM32H735G-DK: unknown feature type=Audio, name=, username=Audio stereo codec with Headphone Amp (WM8994ECS/R), n=1
2021-06-02 17:13:10,568 [WARN] DbBoardsPdsc:254 - Board STM32WB5MM-DK: unknown feature type=, name=, username=Time-of-Flight and gesture-detection sensor, n=1
2021-06-02 17:13:10,568 [WARN] DbBoardsPdsc:254 - Board STM32WB5MM-DK: unknown feature type=, name=, username=3 push-buttons (2 users and 1 reset) and 1 touch key button, n=1
2021-06-02 17:13:10,568 [WARN] DbBoardsPdsc:254 - Board STM32WB5MM-DK: unknown feature type=, name=, username=Flexible power-supply options: ST-LINK/V2-1 USB connector, 5 V delivered by ARDUINO® or external connector, USB charger, or USB power, n=1
2021-06-02 17:13:10,569 [WARN] DbBoardsPdsc:254 - Board STM32WB5MM-DK: unknown feature type=, name=, username=On-board ST-LINK/V2-1 debugger/programmer with USB re-enumeration capability: Virtual COM port and debug port, n=1
2021-06-02 17:13:10,569 [WARN] DbBoardsPdsc:254 - Board STM32WB5MM-DK: unknown feature type=, name=, username=Comprehensive free software libraries and examples available with the STM32CubeWB MCU Package, n=1
2021-06-02 17:13:10,569 [WARN] DbBoardsPdsc:254 - Board STM32WB5MM-DK: unknown feature type=, name=, username=Support of a wide choice of Integrated Development Environments (IDEs) including IAR Embedded Workbench®, MDK-ARM, and STM32CubeIDE, n=1
2021-06-02 17:13:10,573 [WARN] DbBoardsPdsc:254 - Board STM32H7B3I-EVAL: unknown feature type=Audio, name=, username=Multi-Channel Audio Codec (CS42L51-CNZ), n=1
2021-06-02 17:13:10,574 [WARN] DbBoardsPdsc:254 - Board STM32H7B3I-EVAL: unknown feature type=Meter, name=, username=Power-metering and Temperature-monitoring with sigma-delta modulators, n=1
2021-06-02 17:13:10,574 [WARN] DbBoardsPdsc:254 - Board STM32H7B3I-EVAL: unknown feature type=Motor, name=, username=Motor Control, n=1
2021-06-02 17:13:10,687 [INFO] DbBoardsJson:87 - JSON generation date=Tue Jun 01 07:52:40 CEST 2021 (1622526760)
2021-06-02 17:13:10,705 [INFO] DbBoards:117 - Found 161 boards (158 are supported by CubeMX)
2021-06-02 17:13:10,756 [INFO] DbBoardsDocs:143 - JSON generation date=Tue Jun 01 07:52:40 CEST 2021 (1622526760)
2021-06-02 17:13:10,835 [INFO] DbBoardsDocs:79 - Found 193 boards documents
2021-06-02 17:13:10,836 [WARN] DbBoards:127 - board B-L462E-CELL1 has no document id list !
2021-06-02 17:13:10,837 [WARN] DbBoards:127 - board B-L475E-IOT01A2 has no document id list !
2021-06-02 17:13:10,839 [WARN] DbBoards:127 - board NUCLEO-G0B1RE has no document id list !
2021-06-02 17:13:10,840 [WARN] DbBoards:127 - board NUCLEO-H743ZI has no document id list !
2021-06-02 17:13:10,841 [WARN] DbBoards:127 - board NUCLEO-L4A6ZG has no document id list !
2021-06-02 17:13:10,842 [WARN] DbBoards:127 - board NUCLEO-WB15CC has no document id list !
2021-06-02 17:13:10,842 [WARN] DbBoards:127 - board NUCLEO-WB55RG has no document id list !
2021-06-02 17:13:10,843 [WARN] DbBoards:127 - board NUCLEO-WL55JC2 has no document id list !
2021-06-02 17:13:10,843 [WARN] DbBoards:127 - board P-NUCLEO-WB55-Nucleo has no document id list !
2021-06-02 17:13:10,843 [WARN] DbBoards:127 - board P-NUCLEO-WB55-USBDongle has no document id list !
2021-06-02 17:13:10,843 [WARN] DbBoards:127 - board STEVAL-BFA001V1B has no document id list !
2021-06-02 17:13:10,844 [WARN] DbBoards:127 - board STEVAL-BFA001V2B has no document id list !
2021-06-02 17:13:10,844 [WARN] DbBoards:127 - board STEVAL-IDP005V1 has no document id list !
2021-06-02 17:13:10,844 [WARN] DbBoards:127 - board STEVAL-IDP005V2 has no document id list !
2021-06-02 17:13:10,844 [WARN] DbBoards:127 - board STEVAL-MKSBOX1V1 has no document id list !
2021-06-02 17:13:10,845 [WARN] DbBoards:127 - board STEVAL-STWINKT1 has no document id list !
2021-06-02 17:13:10,845 [WARN] DbBoards:127 - board STEVAL-STWINKT1B has no document id list !
2021-06-02 17:13:10,846 [WARN] DbBoards:127 - board STM32F401C-DISCO has no document id list !
2021-06-02 17:13:10,847 [WARN] DbBoards:127 - board STM32F769I-DISC1 has no document id list !
2021-06-02 17:13:10,848 [WARN] DbBoards:127 - board STM32G0C1E-EV has no document id list !
2021-06-02 17:13:10,848 [WARN] DbBoards:127 - board STM32G474E-EVAL1 has no document id list !
2021-06-02 17:13:10,849 [WARN] DbBoards:127 - board STM32H743I-EVAL2 has no document id list !
2021-06-02 17:13:10,849 [WARN] DbBoards:127 - board STM32H747I-DISC1 has no document id list !
2021-06-02 17:13:10,850 [WARN] DbBoards:127 - board STM32H753I-EVAL2 has no document id list !
2021-06-02 17:13:10,850 [WARN] DbBoards:127 - board STM32L-DISCOVERY has no document id list !
2021-06-02 17:13:10,852 [WARN] DbBoards:127 - board STM32MP157A-DK1 has no document id list !
2021-06-02 17:13:10,852 [WARN] DbBoards:127 - board STM32MP157F-DK2 has no document id list !
2021-06-02 17:13:10,852 [WARN] DbBoards:127 - board STM32MP157F-EV1 has no document id list !
2021-06-02 17:13:10,853 [WARN] DbBoards:127 - board STM32WB5MM-DK has no document id list !
2021-06-02 17:13:13,680 [INFO] ApiDb:251 - Load user favorites file /home/peetz/.stm32cubeide/favorites.boards.txt: 0 item(s)
2021-06-02 17:13:13,681 [INFO] ApiDb:255 - User favorites Boards=[]
2021-06-02 17:13:13,681 [INFO] DbBoards:206 - Set 0 / 0 favorites Boards
2021-06-02 17:18:52,472 [INFO] DbMcusDocs:143 - JSON generation date=Tue Jun 01 07:41:06 CEST 2021 (1622526066)
2021-06-02 17:18:52,914 [INFO] DbMcusDocs:79 - Found 669 MCUs documents
2021-06-02 17:19:47,231 [INFO] MainUpdater:2661 - connection check result : 10
2021-06-02 17:19:47,232 [INFO] MainUpdater:2661 - connection check result : 10
2021-06-02 17:19:47,355 [INFO] MicroXplorer:442 - Change Database Path : 
2021-06-02 17:19:47,355 [INFO] MicroXplorer:472 - Change Database Version : DB.6.0.21
2021-06-02 17:19:47,356 [WARN] ThirdParty:796 - waiting for thirdparty lock release [close project]
2021-06-02 17:19:47,356 [INFO] ThirdParty:798 - entering critical section [close project]
2021-06-02 17:19:47,356 [INFO] ThirdParty:809 - exiting critical section [close project]
2021-06-02 17:19:47,377 [INFO] PinOutPanel:1435 - setPackage(No Configuration,No Configuration)
2021-06-02 17:19:47,383 [INFO] UtilMem:74 - Begin LoadConfig() Used Memory: 591243544 Bytes (932184064)
2021-06-02 17:19:47,385 [INFO] MicroXplorer:442 - Change Database Path : 
2021-06-02 17:19:47,386 [INFO] MicroXplorer:472 - Change Database Version : DB.6.0.21
2021-06-02 17:19:47,386 [INFO] OpenFileManager:303 - Change cursor
2021-06-02 17:19:47,413 [WARN] IntegrityCheckThread:59 - waiting for thirdparty lock release [integrity check]
2021-06-02 17:19:47,413 [INFO] IntegrityCheckThread:61 - entering critical section [integrity check]
2021-06-02 17:19:47,552 [WARN] PackLoader:226 - Cannot read IP mode file for RoweBots.I-CUBE-UNISONRTOS.5.5.0-4
2021-06-02 17:19:47,600 [WARN] PackLoader:226 - Cannot read IP mode file for STMicroelectronics.X-CUBE-SFXS2LP1.3.0.0
2021-06-02 17:19:47,658 [WARN] PackLoader:226 - Cannot read IP mode file for STMicroelectronics.X-CUBE-SUBG2.4.1.0
2021-06-02 17:19:47,820 [WARN] PackLoader:226 - Cannot read IP mode file for STMicroelectronics.X-CUBE-MEMS1.8.2.0
2021-06-02 17:19:48,134 [WARN] PackLoader:226 - Cannot read IP mode file for STMicroelectronics.X-CUBE-EEPRMA1.3.0.0
2021-06-02 17:19:48,353 [WARN] PackLoader:226 - Cannot read IP mode file for SEGGER.I-CUBE-embOS.1.2.0
2021-06-02 17:19:48,442 [WARN] PackLoader:226 - Cannot read IP mode file for STMicroelectronics.X-CUBE-BLE1.6.2.0
2021-06-02 17:19:48,453 [WARN] PackLoader:226 - Cannot read IP mode file for STMicroelectronics.X-CUBE-NFC4.2.0.2
2021-06-02 17:19:48,463 [WARN] PackLoader:226 - Cannot read IP mode file for STMicroelectronics.X-CUBE-BLE2.3.2.0
2021-06-02 17:19:48,486 [WARN] PackLoader:226 - Cannot read IP mode file for STMicroelectronics.X-CUBE-SUBG2.4.0.0
2021-06-02 17:19:48,511 [WARN] PackLoader:226 - Cannot read IP mode file for STMicroelectronics.X-CUBE-TOF1.1.0.0
2021-06-02 17:19:48,568 [WARN] PackLoader:226 - Cannot read IP mode file for STMicroelectronics.X-CUBE-AZRTOS-H7.1.0.0
2021-06-02 17:19:48,673 [WARN] PackLoader:226 - Cannot read IP mode file for STMicroelectronics.X-CUBE-MEMS1.8.3.0
2021-06-02 17:19:48,830 [WARN] PackLoader:226 - Cannot read IP mode file for STMicroelectronics.X-CUBE-DISPLAY.1.0.0
2021-06-02 17:19:48,836 [WARN] PackLoader:226 - Cannot read IP mode file for STMicroelectronics.X-CUBE-AI.6.0.0
2021-06-02 17:19:48,843 [WARN] PackLoader:226 - Cannot read IP mode file for STMicroelectronics.X-CUBE-ALGOBUILD.1.2.0
2021-06-02 17:19:48,853 [WARN] PackLoader:226 - Cannot read IP mode file for STMicroelectronics.X-CUBE-GNSS1.5.2.0
2021-06-02 17:19:48,859 [WARN] PackLoader:226 - Cannot read IP mode file for STMicroelectronics.X-CUBE-BLE1.6.1.0
2021-06-02 17:19:48,865 [WARN] PackLoader:226 - Cannot read IP mode file for wolfSSL.I-CUBE-wolfSSL.4.7.0
2021-06-02 17:19:48,869 [WARN] PackLoader:226 - Cannot read IP mode file for STMicroelectronics.X-CUBE-TOUCHGFX.4.16.1
2021-06-02 17:19:48,870 [INFO] ThirdParty:900 - Integrity check success = true
2021-06-02 17:19:48,871 [INFO] IntegrityCheckThread:75 - exiting critical section [integrity check]
2021-06-02 17:19:48,871 [INFO] IntegrityCheckThread:78 - End integrity checks thread
2021-06-02 17:19:50,852 [INFO] Context:587 - Trying to add GPIOservice into a context  which must be forbidden
2021-06-02 17:19:51,347 [INFO] ImportTextPane:162 - (OptionalMessage_ERROR) Unable to find key (Mcu.ThirdPartyNb) in loaded IOC file
2021-06-02 17:19:51,348 [INFO] ImportTextPane:162 - (OptionalMessage_ERROR) Unable to find key (Mcu.PinsNb) in loaded IOC file
2021-06-02 17:19:51,348 [INFO] ImportTextPane:162 - (OptionalMessage_ERROR) Unable to find key (Mcu.IPNb) in loaded IOC file
2021-06-02 17:19:51,459 [WARN] ApiManager:294 - Cannot register API 'Board Extension:S2868A1' from pack STMicroelectronics.X-CUBE-SFXS2LP1.3.0.0: no header file found
2021-06-02 17:19:51,459 [WARN] ApiManager:294 - Cannot register API 'Board Extension:S2868A2' from pack STMicroelectronics.X-CUBE-SFXS2LP1.3.0.0: no header file found
2021-06-02 17:19:51,460 [WARN] ApiManager:294 - Cannot register API 'Board Extension:S2915A1' from pack STMicroelectronics.X-CUBE-SFXS2LP1.3.0.0: no header file found
2021-06-02 17:19:51,467 [WARN] ModelIntegratedComponent:51 - No mode defined for component null
2021-06-02 17:19:51,468 [WARN] ModelIntegratedComponent:51 - No mode defined for component null
2021-06-02 17:19:51,468 [WARN] ModelIntegratedComponent:51 - No mode defined for component null
2021-06-02 17:19:51,468 [WARN] ModelIntegratedComponent:51 - No mode defined for component null
2021-06-02 17:19:51,468 [WARN] ModelIntegratedComponent:51 - No mode defined for component null
2021-06-02 17:19:51,468 [WARN] ModelIntegratedComponent:51 - No mode defined for component null
2021-06-02 17:19:51,469 [WARN] ModelIntegratedComponent:51 - No mode defined for component null
2021-06-02 17:19:51,469 [WARN] ModelIntegratedComponent:51 - No mode defined for component null
2021-06-02 17:19:51,469 [WARN] ModelIntegratedComponent:51 - No mode defined for component null
2021-06-02 17:19:51,469 [WARN] ModelIntegratedComponent:51 - No mode defined for component null
2021-06-02 17:19:51,470 [WARN] ModelIntegratedComponent:51 - No mode defined for component null
2021-06-02 17:19:51,470 [WARN] ModelIntegratedComponent:51 - No mode defined for component null
2021-06-02 17:19:51,470 [WARN] ModelIntegratedComponent:51 - No mode defined for component null
2021-06-02 17:19:51,470 [WARN] ModelIntegratedComponent:51 - No mode defined for component null
2021-06-02 17:19:51,471 [WARN] ModelIntegratedComponent:51 - No mode defined for component null
2021-06-02 17:19:51,471 [WARN] ModelIntegratedComponent:51 - No mode defined for component null
2021-06-02 17:19:51,471 [WARN] ModelIntegratedComponent:51 - No mode defined for component null
2021-06-02 17:19:51,471 [WARN] ModelIntegratedComponent:51 - No mode defined for component null
2021-06-02 17:19:51,471 [WARN] ModelIntegratedComponent:51 - No mode defined for component null
2021-06-02 17:19:51,472 [WARN] ModelIntegratedComponent:51 - No mode defined for component null
2021-06-02 17:19:51,472 [WARN] ModelIntegratedComponent:51 - No mode defined for component null
2021-06-02 17:19:51,472 [WARN] ModelIntegratedComponent:51 - No mode defined for component null
2021-06-02 17:19:51,472 [WARN] ModelIntegratedComponent:51 - No mode defined for component null
2021-06-02 17:19:51,472 [WARN] ModelIntegratedComponent:51 - No mode defined for component null
2021-06-02 17:19:51,473 [WARN] ModelIntegratedComponent:51 - No mode defined for component null
2021-06-02 17:19:51,473 [WARN] ModelIntegratedComponent:51 - No mode defined for component null
2021-06-02 17:19:51,473 [WARN] ModelIntegratedComponent:51 - No mode defined for component null
2021-06-02 17:19:51,492 [WARN] ApiManager:294 - Cannot register API 'Board Extension:S2868A1' from pack STMicroelectronics.X-CUBE-SUBG2.4.1.0: no header file found
2021-06-02 17:19:51,492 [WARN] ApiManager:294 - Cannot register API 'Board Extension:S2868A2' from pack STMicroelectronics.X-CUBE-SUBG2.4.1.0: no header file found
2021-06-02 17:19:51,493 [WARN] ApiManager:294 - Cannot register API 'Board Extension:S2915A1' from pack STMicroelectronics.X-CUBE-SUBG2.4.1.0: no header file found
2021-06-02 17:19:51,507 [WARN] ApiManager:294 - Cannot register API 'Board Extension:S2868A1' from pack STMicroelectronics.X-CUBE-SUBG2.4.0.0: no header file found
2021-06-02 17:19:51,508 [WARN] ApiManager:294 - Cannot register API 'Board Extension:S2868A2' from pack STMicroelectronics.X-CUBE-SUBG2.4.0.0: no header file found
2021-06-02 17:19:51,508 [WARN] ApiManager:294 - Cannot register API 'Board Extension:S2915A1' from pack STMicroelectronics.X-CUBE-SUBG2.4.0.0: no header file found
2021-06-02 17:19:51,833 [WARN] ApiManager:294 - Cannot register API 'Board Extension:IKS01A3' from pack STMicroelectronics.X-CUBE-MEMS1.8.2.0: no header file found
2021-06-02 17:19:51,834 [WARN] ApiManager:294 - Cannot register API 'Board Extension:IKS01A2' from pack STMicroelectronics.X-CUBE-MEMS1.8.2.0: no header file found
2021-06-02 17:19:51,834 [WARN] ApiManager:294 - Cannot register API 'Board Extension:IKS02A1' from pack STMicroelectronics.X-CUBE-MEMS1.8.2.0: no header file found
2021-06-02 17:19:51,858 [WARN] ApiManager:294 - Cannot register API 'Board Extension:EEPRMA1' from pack STMicroelectronics.X-CUBE-EEPRMA1.3.0.0: no header file found
2021-06-02 17:19:51,859 [WARN] ApiManager:294 - Cannot register API 'Board Extension:EEPRMA2' from pack STMicroelectronics.X-CUBE-EEPRMA1.3.0.0: no header file found
2021-06-02 17:19:52,051 [WARN] ApiManager:294 - Cannot register API 'Board Extension:IKS01A3' from pack STMicroelectronics.X-CUBE-MEMS1.8.3.0: no header file found
2021-06-02 17:19:52,051 [WARN] ApiManager:294 - Cannot register API 'Board Extension:IKS01A2' from pack STMicroelectronics.X-CUBE-MEMS1.8.3.0: no header file found
2021-06-02 17:19:52,052 [WARN] ApiManager:294 - Cannot register API 'Board Extension:IKS02A1' from pack STMicroelectronics.X-CUBE-MEMS1.8.3.0: no header file found
2021-06-02 17:19:52,070 [INFO] RtosManager:470 - Registered RTOS mode: class=CMSIS, group=RTOS, mode=CMSIS_V1, owner=FREERTOS
2021-06-02 17:19:52,071 [INFO] RtosManager:470 - Registered RTOS mode: class=CMSIS, group=RTOS2, mode=CMSIS_V2, owner=FREERTOS
2021-06-02 17:19:52,071 [INFO] RtosManager:470 - Registered RTOS mode: class=RTOS, group=Core, mode=CMSIS_V1, owner=FREERTOS
2021-06-02 17:19:52,071 [INFO] RtosManager:470 - Registered RTOS mode: class=RTOS, group=Core, mode=CMSIS_V2, owner=FREERTOS
2021-06-02 17:19:52,072 [WARN] ModelIntegratedComponent:182 - Missing modes for component STMicroelectronics:FreeRTOS:0.0.1:STMicroelectronics:RTOS:FreeRTOS:Core:::10.2.0:
2021-06-02 17:19:52,083 [WARN] ApiManager:294 - Cannot register API 'Board Extension:GNSS1A1' from pack STMicroelectronics.X-CUBE-GNSS1.5.2.0: no header file found
2021-06-02 17:19:52,084 [WARN] ApiManager:294 - Cannot register API 'Board Support:Custom' from pack STMicroelectronics.X-CUBE-GNSS1.5.2.0: no header file found
2021-06-02 17:19:52,084 [WARN] ApiManager:294 - Cannot register API 'Data Exchange:lib_gnss' from pack STMicroelectronics.X-CUBE-GNSS1.5.2.0: no header file found
2021-06-02 17:19:52,086 [WARN] ApiManager:294 - Cannot register API 'Wireless:BlueNRG-MS' from pack STMicroelectronics.X-CUBE-BLE1.6.1.0: no header file found
2021-06-02 17:19:52,087 [WARN] ApiManager:294 - Cannot register API 'Wireless:BlueNRG-MS' from pack STMicroelectronics.X-CUBE-BLE1.6.2.0: no header file found
2021-06-02 17:19:52,089 [WARN] ApiManager:294 - Cannot register API 'Board Extension:NFC04A1' from pack STMicroelectronics.X-CUBE-NFC4.2.0.2: no header file found
2021-06-02 17:19:52,091 [WARN] ApiManager:294 - Cannot register API 'Wireless:BlueNRG-2' from pack STMicroelectronics.X-CUBE-BLE2.3.2.0: no header file found
2021-06-02 17:19:53,131 [INFO] UtilMem:74 - End LoadConfig() Used Memory: 443315056 Bytes (932184064)
2021-06-02 17:19:53,135 [WARN] ThirdParty:762 - waiting for thirdparty lock release [change project]
2021-06-02 17:19:53,135 [INFO] ThirdParty:764 - entering critical section [change project]
2021-06-02 17:19:53,136 [INFO] ThirdParty:952 - CMSIS Pack Vendor :RoweBots I-CUBE-UNISONRTOS 5.5.0-4
2021-06-02 17:19:53,136 [INFO] ThirdParty:952 - CMSIS Pack Vendor :STMicroelectronics X-CUBE-SFXS2LP1 3.0.0
2021-06-02 17:19:53,136 [INFO] ThirdParty:952 - CMSIS Pack Vendor :STMicroelectronics USB_HOST 2.0.0
2021-06-02 17:19:53,136 [INFO] ThirdParty:952 - CMSIS Pack Vendor :STMicroelectronics USB_DEVICE 3.0.0
2021-06-02 17:19:53,136 [INFO] ThirdParty:952 - CMSIS Pack Vendor :STMicroelectronics HAL Drivers 0.0.0
2021-06-02 17:19:53,137 [INFO] ThirdParty:952 - CMSIS Pack Vendor :STMicroelectronics MBEDTLS 2.16.2
2021-06-02 17:19:53,138 [INFO] ThirdParty:952 - CMSIS Pack Vendor :STMicroelectronics MBEDTLS 2.14.1
2021-06-02 17:19:53,139 [INFO] ThirdParty:952 - CMSIS Pack Vendor :STMicroelectronics X-CUBE-SUBG2 4.1.0
2021-06-02 17:19:53,139 [INFO] ThirdParty:952 - CMSIS Pack Vendor :STMicroelectronics X-CUBE-SUBG2 4.0.0
2021-06-02 17:19:53,139 [INFO] ThirdParty:952 - CMSIS Pack Vendor :STMicroelectronics X-CUBE-TOF1 1.0.0
2021-06-02 17:19:53,140 [INFO] ThirdParty:952 - CMSIS Pack Vendor :STMicroelectronics X-CUBE-AZRTOS-H7 1.0.0
2021-06-02 17:19:53,140 [INFO] ThirdParty:952 - CMSIS Pack Vendor :STMicroelectronics USB_DEVICE 2.0.0
2021-06-02 17:19:53,141 [INFO] ThirdParty:952 - CMSIS Pack Vendor :STMicroelectronics X-CUBE-MEMS1 8.2.0
2021-06-02 17:19:53,141 [INFO] ThirdParty:952 - CMSIS Pack Vendor :STMicroelectronics X-CUBE-EEPRMA1 3.0.0
2021-06-02 17:19:53,142 [INFO] ThirdParty:952 - CMSIS Pack Vendor :STMicroelectronics X-CUBE-MEMS1 8.3.0
2021-06-02 17:19:53,142 [INFO] ThirdParty:952 - CMSIS Pack Vendor :STMicroelectronics X-CUBE-DISPLAY 1.0.0
2021-06-02 17:19:53,142 [INFO] ThirdParty:952 - CMSIS Pack Vendor :STMicroelectronics FreeRTOS 0.0.1
2021-06-02 17:19:53,142 [INFO] ThirdParty:952 - CMSIS Pack Vendor :STMicroelectronics USB_DEVICE 1.0.0
2021-06-02 17:19:53,142 [INFO] ThirdParty:952 - CMSIS Pack Vendor :STMicroelectronics X-CUBE-AI 6.0.0
2021-06-02 17:19:53,142 [INFO] ThirdParty:952 - CMSIS Pack Vendor :SEGGER I-CUBE-embOS 1.2.0
2021-06-02 17:19:53,143 [INFO] ThirdParty:952 - CMSIS Pack Vendor :STMicroelectronics X-CUBE-ALGOBUILD 1.2.0
2021-06-02 17:19:53,143 [INFO] ThirdParty:952 - CMSIS Pack Vendor :STMicroelectronics X-CUBE-GNSS1 5.2.0
2021-06-02 17:19:53,143 [INFO] ThirdParty:952 - CMSIS Pack Vendor :STMicroelectronics X-CUBE-BLE1 6.1.0
2021-06-02 17:19:53,143 [INFO] ThirdParty:952 - CMSIS Pack Vendor :STMicroelectronics lwIP 2.0.3
2021-06-02 17:19:53,144 [INFO] ThirdParty:952 - CMSIS Pack Vendor :STMicroelectronics lwIP 2.1.2
2021-06-02 17:19:53,144 [INFO] ThirdParty:952 - CMSIS Pack Vendor :STMicroelectronics X-CUBE-BLE1 6.2.0
2021-06-02 17:19:53,144 [INFO] ThirdParty:952 - CMSIS Pack Vendor :STMicroelectronics USB_HOST 1.0.0
2021-06-02 17:19:53,144 [INFO] ThirdParty:952 - CMSIS Pack Vendor :STMicroelectronics X-CUBE-NFC4 2.0.2
2021-06-02 17:19:53,144 [INFO] ThirdParty:952 - CMSIS Pack Vendor :wolfSSL I-CUBE-wolfSSL 4.7.0
2021-06-02 17:19:53,144 [INFO] ThirdParty:952 - CMSIS Pack Vendor :STMicroelectronics X-CUBE-TOUCHGFX 4.16.1
2021-06-02 17:19:53,145 [INFO] ThirdParty:952 - CMSIS Pack Vendor :STMicroelectronics PDM2PCM 3.1.0
2021-06-02 17:19:53,145 [INFO] ThirdParty:952 - CMSIS Pack Vendor :STMicroelectronics PDM2PCM 3.2.0
2021-06-02 17:19:53,145 [INFO] ThirdParty:952 - CMSIS Pack Vendor :STMicroelectronics PDM2PCM 3.3.0
2021-06-02 17:19:53,145 [INFO] ThirdParty:952 - CMSIS Pack Vendor :STMicroelectronics X-CUBE-BLE2 3.2.0
2021-06-02 17:19:53,145 [INFO] ThirdParty:770 - exiting critical section [change project]
2021-06-02 17:19:53,594 [INFO] PinOutPanel:1435 - setPackage(No Configuration,No Configuration)
2021-06-02 17:19:53,597 [INFO] PinOutPanel:1435 - setPackage(STM32F103C8Tx,LQFP48)
2021-06-02 17:19:54,359 [INFO] UtilMem:74 - Before build in PCC Used Memory: 486606544 Bytes (932184064)
2021-06-02 17:19:55,148 [INFO] SharedServices:72 - Folder for power plug-in: /home/peetz/.stm32cubemx/plugins/power
2021-06-02 17:19:55,278 [INFO] SharedServices:72 - Folder for power plug-in: /home/peetz/.stm32cubemx/plugins/power
2021-06-02 17:19:55,376 [INFO] SharedServices:72 - Folder for power plug-in: /home/peetz/.stm32cubemx/plugins/power
2021-06-02 17:19:55,385 [INFO] SharedServices:72 - Folder for power plug-in: /home/peetz/.stm32cubemx/plugins/power
2021-06-02 17:19:55,660 [INFO] UtilMem:74 - After build in PCC Used Memory: 541138656 Bytes (932184064)
2021-06-02 17:19:55,700 [INFO] IPUIPlugin:64 - create IPUIPlugin
2021-06-02 17:19:55,701 [INFO] IPUIPlugin:64 - create IPUIPlugin
2021-06-02 17:19:55,701 [INFO] IPUIPlugin:64 - create IPUIPlugin
2021-06-02 17:19:55,702 [INFO] IPUIPlugin:64 - create IPUIPlugin
2021-06-02 17:19:55,702 [INFO] IPUIPlugin:64 - create IPUIPlugin
2021-06-02 17:19:55,703 [INFO] IPUIPlugin:64 - create IPUIPlugin
2021-06-02 17:19:55,704 [INFO] IPUIPlugin:64 - create IPUIPlugin
2021-06-02 17:19:55,704 [INFO] IPUIPlugin:64 - create IPUIPlugin
2021-06-02 17:19:55,705 [INFO] IPUIPlugin:64 - create IPUIPlugin
2021-06-02 17:19:55,705 [INFO] IPUIPlugin:64 - create IPUIPlugin
2021-06-02 17:19:55,706 [INFO] IPUIPlugin:64 - create IPUIPlugin
2021-06-02 17:19:55,707 [INFO] IPUIPlugin:64 - create IPUIPlugin
2021-06-02 17:19:55,708 [INFO] IPUIPlugin:64 - create IPUIPlugin
2021-06-02 17:19:55,708 [INFO] IPUIPlugin:64 - create IPUIPlugin
2021-06-02 17:19:55,709 [INFO] IPUIPlugin:64 - create IPUIPlugin
2021-06-02 17:19:55,710 [INFO] IPUIPlugin:64 - create IPUIPlugin
2021-06-02 17:19:55,711 [INFO] IPUIPlugin:64 - create IPUIPlugin
2021-06-02 17:19:55,711 [INFO] IPUIPlugin:64 - create IPUIPlugin
2021-06-02 17:19:55,712 [INFO] IPUIPlugin:64 - create IPUIPlugin
2021-06-02 17:19:55,713 [INFO] IPUIPlugin:64 - create IPUIPlugin
2021-06-02 17:19:55,714 [INFO] IPUIPlugin:64 - create IPUIPlugin
2021-06-02 17:19:55,715 [INFO] IPUIPlugin:64 - create IPUIPlugin
2021-06-02 17:19:55,715 [INFO] IPUIPlugin:64 - create IPUIPlugin
2021-06-02 17:19:55,716 [INFO] IPUIPlugin:64 - create IPUIPlugin
2021-06-02 17:19:55,717 [INFO] IPUIPlugin:64 - create IPUIPlugin
2021-06-02 17:19:55,718 [INFO] IPUIPlugin:64 - create IPUIPlugin
2021-06-02 17:19:55,719 [INFO] IPUIPlugin:64 - create IPUIPlugin
2021-06-02 17:19:55,762 [INFO] LogOutputStream:76 - [STDOUT_REDIRECT] toolchainItems.length=====1
2021-06-02 17:19:55,939 [INFO] OpenFileManager:323 - Restore cursor
2021-06-02 17:19:56,482 [INFO] UtilMem:74 - End SaveConfig() Used Memory: 578012776 Bytes (932184064)
2021-06-02 17:19:56,580 [INFO] UtilMem:74 - End SaveConfig() Used Memory: 582277648 Bytes (932184064)
2021-06-02 17:19:57,755 [INFO] BlockDiagram:2735 - set Specific Code input for plugin: NVIC
2021-06-02 17:19:57,756 [INFO] BlockDiagram:2735 - set Specific Code input for plugin: SYS
2021-06-02 17:19:57,756 [INFO] BlockDiagram:2735 - set Specific Code input for plugin: RCC
2021-06-02 17:19:57,757 [INFO] CodeGenerator:641 - code generatio: config db path: /opt/st/stm32cubeide_1.5.1/../../../home/peetz/.eclipse/com.st.stm32cube.ide.mcu.rcp.product_1.5.1_1935173079_linux_gtk_x86_64/plugins/com.st.stm32cube.common.mx_6.2.1.202103241236//db/
2021-06-02 17:19:58,367 [INFO] CodeEngine:229 - oldGeneratedFile, /home/peetz/projects/stm32/tempix/tempixActuator/MXTmpFiles/license.tmp_save
2021-06-02 17:19:59,092 [INFO] CodeEngine:247 - Generated code: /home/peetz/projects/stm32/tempix/tempixActuator/MXTmpFiles/license.tmp
2021-06-02 17:19:59,214 [INFO] CodeEngine:229 - oldGeneratedFile, /home/peetz/projects/stm32/tempix/tempixActuator/Core/Src/stm32f1xx_it.c_save
2021-06-02 17:19:59,447 [INFO] CodeEngine:247 - Generated code: /home/peetz/projects/stm32/tempix/tempixActuator/Core/Src/stm32f1xx_it.c
2021-06-02 17:19:59,449 [INFO] CodeEngine:229 - oldGeneratedFile, /home/peetz/projects/stm32/tempix/tempixActuator/Core/Inc/stm32f1xx_it.h_save
2021-06-02 17:19:59,558 [INFO] CodeEngine:247 - Generated code: /home/peetz/projects/stm32/tempix/tempixActuator/Core/Inc/stm32f1xx_it.h
2021-06-02 17:19:59,564 [INFO] CodeEngine:229 - oldGeneratedFile, /home/peetz/projects/stm32/tempix/tempixActuator/Core/Src/stm32f1xx_hal_msp.c_save
2021-06-02 17:19:59,745 [INFO] CodeEngine:247 - Generated code: /home/peetz/projects/stm32/tempix/tempixActuator/Core/Src/stm32f1xx_hal_msp.c
2021-06-02 17:19:59,747 [INFO] CodeEngine:229 - oldGeneratedFile, /home/peetz/projects/stm32/tempix/tempixActuator/MXTmpFiles/system.tmp_save
2021-06-02 17:19:59,915 [INFO] CodeEngine:247 - Generated code: /home/peetz/projects/stm32/tempix/tempixActuator/MXTmpFiles/system.tmp
2021-06-02 17:19:59,919 [INFO] CodeEngine:229 - oldGeneratedFile, /home/peetz/projects/stm32/tempix/tempixActuator/Core/Inc/stm32f1xx_hal_conf.h_save
2021-06-02 17:20:00,100 [INFO] CodeEngine:247 - Generated code: /home/peetz/projects/stm32/tempix/tempixActuator/Core/Inc/stm32f1xx_hal_conf.h
2021-06-02 17:20:00,160 [INFO] CodeEngine:229 - oldGeneratedFile, /home/peetz/projects/stm32/tempix/tempixActuator/Core/Inc/main.h_save
2021-06-02 17:20:00,469 [INFO] CodeEngine:247 - Generated code: /home/peetz/projects/stm32/tempix/tempixActuator/Core/Inc/main.h
2021-06-02 17:20:00,471 [INFO] CodeEngine:229 - oldGeneratedFile, /home/peetz/projects/stm32/tempix/tempixActuator/Core/Src/main.c_save
2021-06-02 17:20:00,633 [INFO] CodeEngine:247 - Generated code: /home/peetz/projects/stm32/tempix/tempixActuator/Core/Src/main.c
2021-06-02 17:20:01,991 [INFO] ProjectBuilder:2460 - Time for Copy HAL[1] : 22mS.
2021-06-02 17:20:02,000 [INFO] ProjectBuilder:3418 - Project Generator version: 3.13.0-B3
2021-06-02 17:20:02,771 [INFO] ConfigFileManager:1242 - The Die is : DIE410
2021-06-02 17:20:02,788 [INFO] ApiDbMcu:458 - Load IP Config File for FATFS
2021-06-02 17:20:02,810 [INFO] ApiDbMcu:458 - Load IP Config File for FREERTOS
2021-06-02 17:20:02,824 [INFO] ApiDbMcu:458 - Load IP Config File for USB_DEVICE
2021-06-02 17:20:10,380 [INFO] ProjectBuilder:3584 - Time for Generating toolchain IDE Files: 8380mS.
2021-06-02 17:20:10,381 [INFO] ProjectBuilder:2339 - Time for Copy CMSIS : 1mS.
2021-06-02 17:20:10,382 [INFO] ProjectBuilder:2339 - Time for Copy CMSIS : 0mS.
2021-06-02 17:20:10,848 [INFO] ApiDb:276 - Save user favorites file /home/peetz/.stm32cubeide/favorites.mcus.txt: 0 item(s)
2021-06-02 17:20:10,849 [INFO] ApiDb:280 - User favorites MCUs=[]
